<?xml version="1.0" encoding="UTF-8"?>
<!-- Generated by org.testng.reporters.JUnitReportReporter -->
<testsuite hostname="DESKTOP-OR08CTM" failures="0" tests="7" name="testScripts.LoginTest" time="39.516" errors="0" timestamp="2025-04-21T12:05:39 IST" skipped="0">
  <testcase classname="testScripts.LoginTest" name="invalidCases" time="3.401"/>
  <testcase classname="testScripts.LoginTest" name="invalidCases" time="3.544"/>
  <testcase classname="testScripts.LoginTest" name="verifyUsernameWithValidUsernameandInvalidPassword" time="6.751"/>
  <testcase classname="testScripts.LoginTest" name="verifyLoginWithValidCredentials" time="9.712"/>
  <testcase classname="testScripts.LoginTest" name="verifyUsernameWithInvalidUsernameandValidPassword" time="6.642"/>
  <testcase classname="testScripts.LoginTest" name="invalidCases" time="5.252"/>
  <testcase classname="testScripts.LoginTest" name="verifyUsernameWithInvalidUsernameandInvalidPassword" time="4.214"/>
</testsuite> <!-- testScripts.LoginTest -->
