<?xml version="1.0" encoding="UTF-8"?>
<!-- Generated by org.testng.reporters.JUnitReportReporter -->
<testsuite hostname="DESKTOP-OR08CTM" failures="0" tests="1" name="testScripts.ManageContactTest" time="8.552" errors="0" timestamp="2025-04-24T00:07:17 IST" skipped="0">
  <testcase classname="testScripts.ManageContactTest" name="verifyUpdateContactWithvalidDetails" time="8.552"/>
</testsuite> <!-- testScripts.ManageContactTest -->
