<?xml version="1.0" encoding="UTF-8"?>
<!-- Generated by org.testng.reporters.JUnitReportReporter -->
<testsuite hostname="DESKTOP-OR08CTM" failures="0" tests="1" name="testScripts.SubCategoryTest" time="6.763" errors="0" timestamp="2025-04-29T18:14:54 IST" skipped="0">
  <testcase classname="testScripts.SubCategoryTest" name="verifySerachActionInSubcategory" time="6.763"/>
</testsuite> <!-- testScripts.SubCategoryTest -->
