<?xml version="1.0" encoding="UTF-8"?>
<!-- Generated by org.testng.reporters.JUnitReportReporter -->
<testsuite hostname="DESKTOP-OR08CTM" failures="0" tests="1" name="testScripts.ManageNewsTest" time="5.734" errors="0" timestamp="2025-04-29T18:35:37 IST" skipped="0">
  <testcase classname="testScripts.ManageNewsTest" name="verifyTheEditActionOfNews" time="5.734"/>
</testsuite> <!-- testScripts.ManageNewsTest -->
