<?xml version="1.0" encoding="UTF-8"?>
<!-- Generated by org.testng.reporters.JUnitReportReporter -->
<testsuite hostname="DESKTOP-OR08CTM" failures="0" tests="1" name="testScripts.CategoryTest" time="5.114" errors="0" timestamp="2025-04-24T15:09:38 IST" skipped="0">
  <testcase classname="testScripts.CategoryTest" name="verifyAddNewCategoryWithValidDetails" time="5.114"/>
</testsuite> <!-- testScripts.CategoryTest -->
