<?xml version="1.0" encoding="UTF-8"?>
<!-- Generated by org.testng.reporters.JUnitReportReporter -->
<testsuite hostname="DESKTOP-OR08CTM" failures="0" tests="1" name="testScripts.AdminUsersTest" time="5.942" errors="0" timestamp="2025-04-29T18:38:58 IST" skipped="0">
  <testcase classname="testScripts.AdminUsersTest" name="veifyTheAdditionOfNewAdminuser" time="5.942"/>
</testsuite> <!-- testScripts.AdminUsersTest -->
